Command line:
   memoria2_isim_beh.exe
     -simmode  gui
     -simrunnum  0
     -socket  58016

Fri Jul 01 12:57:53 2022


 Elaboration Time: 0.09375 sec

 Current Memory Usage: 5162.76 Meg

 Total Signals          : 8
 Total Nets             : 16430
 Total Signal Drivers   : 2
 Total Blocks           : 4
 Total Primitive Blocks : 4
 Total Processes        : 1
 Total Traceable Variables  : 10
 Total Scalar Nets and Variables : 16808
Total Line Count : 7

 Total Simulation Time: 0.265625 sec

 Current Memory Usage: 5477.34 Meg

Fri Jul 01 12:58:29 2022

